ncsim 13.10-s005
Linux 2.6.18-194.32.1.el5.centos.plus #1 SMP Wed Jan 5 18:13:47 EST 2011 x86_64
CPU cores: 16
Limit information:
======================================
cputime			unlimited
filesize		unlimited
datasize		unlimited
stacksize		10240 kbytes
coredumpsize	0 kbytes
memoryuse		unlimited
vmemoryuse		unlimited
descriptors		1024
memorylocked	32 kbytes
maxproc			593919
======================================
Runtime environment variables:
DISPLAY=:12606.0
SUPPORTED=en_US.UTF-8:en_US:en
HOSTNAME=dsd05.cic.org.tw
SHELL=/bin/tcsh
HOST=dsd05.cic.org.tw
HISTSIZE=1000
KDE_NO_IPV6=1
SSH_CLIENT=127.0.0.1 47663 22
QTDIR=/usr/lib64/qt-3.3
QTINC=/usr/lib64/qt-3.3/include
USER=hlchen
GROUP=DSD
LS_COLORS=no=00:fi=00:di=00;34:ln=00;36:pi=40;33:so=00;35:bd=40;33;01:cd=40;33;01:or=01;05;37;41:mi=01;05;37;41:ex=00;32:*.cmd=00;32:*.exe=00;32:*.com=00;32:*.btm=00;32:*.bat=00;32:*.sh=00;32:*.csh=00;32:*.tar=00;31:*.tgz=00;31:*.arj=00;31:*.taz=00;31:*.lzh=00;31:*.zip=00;31:*.z=00;31:*.Z=00;31:*.gz=00;31:*.bz2=00;31:*.bz=00;31:*.tz=00;31:*.rpm=00;31:*.cpio=00;31:*.jpg=00;35:*.gif=00;35:*.bmp=00;35:*.xbm=00;35:*.xpm=00;35:*.png=00;35:*.tif=00;35:
HOSTTYPE=x86_64-linux
KDEDIR=/usr
PAGER=more
NXSESSIONID=dsd05.cic.org.tw-12606-66FFC68EA53191487ED840B34C28D573
PATH=/usr/cad/spring_soft/verdi/cur/bin:/usr/cad/spring_soft/verdi/cur/nLint/bin:/usr/cad/cadence/INCISIV/cur/tools/bin:/usr/cad/cadence/INCISIV/cur/tools/vtools/vfault/bin:/usr/cad/cadence/INCISIV/cur/tools/dfII/bin:/usr/cad/spring_soft/verdi/cur/bin:/usr/cad/spring_soft/verdi/cur/nLint/bin:/usr/cad/cadence/INCISIV/cur/tools/bin:/usr/cad/cadence/INCISIV/cur/tools/vtools/vfault/bin:/usr/cad/cadence/INCISIV/cur/tools/dfII/bin:/usr/lib64/qt-3.3/bin:/usr/kerberos/bin:/usr/local/bin:/bin:/usr/bin:/sbin:/usr/sbin:/usr/local/sbin:/usr/X11R6/bin:/user/DSD/hlchen/bin
MAIL=/var/spool/mail/hlchen
SHADOW_XAUTHORITY=/user/DSD/hlchen/.nx/C-dsd05.cic.org.tw-12606-66FFC68EA53191487ED840B34C28D573/authority
INPUTRC=/etc/inputrc
PWD=/user/DSD/hlchen/CICTRAINING/VERILOG/vloglab/.solution/Lab8
KDE_IS_PRELINKED=1
LANG=en_US.UTF-8
LM_LICENSE_FILE=26585@lscic:5280@lscic:
SSH_ASKPASS=/usr/libexec/openssh/gnome-ssh-askpass
SLAVE_PID=12782
HOME=/user/DSD/hlchen
SHLVL=4
MANPAGER=less -iRs
OSTYPE=linux
VENDOR=unknown
LOGNAME=hlchen
MACHTYPE=x86_64
CVS_RSH=ssh
QTLIB=/usr/lib64/qt-3.3/lib
SSH_CONNECTION=127.0.0.1 47663 127.0.0.1 22
LESSOPEN=|/usr/bin/lesspipe.sh %s
SHLIB_PATH=/usr/cad/spring_soft/verdi/cur/share/PLI/IUS/LINUX/:/usr/cad/spring_soft/verdi/cur/share/PLI/IUS/LINUX
G_BROKEN_FILENAMES=1
_=/usr/bin/ssh-agent
SSH_AUTH_SOCK=/tmp/ssh-Nfmns13374/agent.13374
SSH_AGENT_PID=13376
DBUS_SESSION_BUS_ADDRESS=unix:abstract=/tmp/dbus-YSDPajtPhH,guid=2ce52940ec5db23e09dd3200559493bf
GTK_RC_FILES=/etc/gtk/gtkrc:/user/DSD/hlchen/.gtkrc-1.2-gnome2
SESSION_MANAGER=local/dsd05.cic.org.tw:/tmp/.ICE-unix/13374
GNOME_KEYRING_SOCKET=/tmp/keyring-HMCtjm/socket
GNOME_DESKTOP_SESSION_ID=Default
DESKTOP_STARTUP_ID=
TERM=xterm
COLORTERM=gnome-terminal
WINDOWID=37748816
LD_LIBRARY_PATH=/usr/cad/spring_soft/verdi/cur/share/PLI/IUS/LINUX/:/usr/cad/cadence/INCISIV/cur/tools/lib:/usr/cad/cadence/INCISIV/cur/tools/vtools/vfault/lib::/lib:/lib64:/usr/lib:/usr/lib64:/usr/loacl/lib:/usr/local/lib64
/user/DSD/hlchen/CICTRAINING/VERILOG/vloglab/.solution/Lab8/INCA_libs/irun.lnx86.13.10.nc/svpp.ts
CDS_ARCH=lnx86
NCRUNMODE=ncverilog:./INCA_libs/irun.lnx86.13.10.nc
IRUNBATCH=FALSE
IMPERAS_PORT_FILE=.vsp_ovp_gdb_port
TCL_LIBRARY=/usr/cad/cadence/INCISIV/cur/tools/inca/files/tcl/library
Runtime command line arguments:
argv[0]=ncverilog
argv[1]=testfixture1.v
argv[2]=STI.v
81 profile - 100
          CPU/Mem usage: 0.010 sys,  0.010 user,  47.05M sys,  0.00M vm
82 VC callback profile - scalar:0 vector:0
83 Fri Jul 10 11:27:33 2015
84 pliAppInit
85 pliAppMiscSet: New Sim Round
86 LIBSSCORE=found /usr/cad/spring_soft/verdi/cur/share/PLI/IUS/LINUX/libsscore_ius111.so through $LD_LIBRARY_PATH setting.
87 argv[0]: STI.fsdb
88 Catch signal 11. Stack trace follows:
#0  0xffffe410 in __kernel_vsyscall ()
#1  0x00275b23 in __read_nocancel () from /lib/libc.so.6
#2  0x00215e48 in _IO_file_read_internal () from /lib/libc.so.6
#3  0x002171a0 in _IO_new_file_underflow () from /lib/libc.so.6
#4  0x0021789b in _IO_default_uflow_internal () from /lib/libc.so.6
#5  0x00218c0d in __uflow () from /lib/libc.so.6
#6  0x0020c596 in _IO_getline_info_internal () from /lib/libc.so.6
#7  0x0020c4e1 in _IO_getline_internal () from /lib/libc.so.6
#8  0x0020b45a in fgets () from /lib/libc.so.6
#9  0xf72584d5 in ndpGetCallStack () from /usr/cad/spring_soft/verdi/cur/share/PLI/IUS/LINUX/libsscore_ius111.so
#10 0xf727e66c in pliAppDbg_SigHandler () from /usr/cad/spring_soft/verdi/cur/share/PLI/IUS/LINUX/libsscore_ius111.so
#11 0xf7258058 in catchSignalCB () from /usr/cad/spring_soft/verdi/cur/share/PLI/IUS/LINUX/libsscore_ius111.so
#12 <signal handler called>
#13 0x0a9dc6c5 in ?? ()
#14 0x0a9dc6b8 in ?? ()
#15 0x00000000 in ?? ()
89 Novas FSDB Dumper for IUS, Release 2012.04, Linux, 04/10/2012
90 Copyright (C) 1996 - 2012 by SpringSoft, Inc.
91 ***********************************************************************
92 *  WARNING -                                                          *
93 *  The simulator version is newer than the FSDB dumper version which  *
94 *  may cause abnormal behavior. Please contact SpringSoft support at  *
95 *  support@springsoft.com for assistance.                             *
96 ***********************************************************************
97 sps_call_fsdbDumpfile at 0 : /user/DSD/hlchen/CICTRAINING/VERILOG/vloglab/.solution/Lab8/testfixture1.v(70)
98 argv[0]: STI.fsdb
99 *Novas* : Create FSDB file 'STI.fsdb'
100 sps_call_fsdbDumpvars at 0 : /user/DSD/hlchen/CICTRAINING/VERILOG/vloglab/.solution/Lab8/testfixture1.v(71)
101 *Novas* : Begin traversing the scopes, layer (0).
102 *Novas* WARNING: [NoReadAccess][FilterOut]Name:testfixture1.pattern_in(48)
103 *Novas* WARNING: [NoReadAccess][FilterOut]Name:testfixture1.stimulus_in(48)
104 *Novas* WARNING: [NoReadAccess][FilterOut]Name:testfixture1.Exp_so(48)
105 *Novas* WARNING: [NoReadAccess][FilterOut]Name:testfixture1.pi_end(48)
106 *Novas* WARNING: [NoReadAccess][FilterOut]Name:testfixture1.load(48)
107 *Novas* WARNING: [NoReadAccess][FilterOut]Name:testfixture1.reset(48)
108 *Novas* WARNING: [NoReadAccess][FilterOut]Name:testfixture1.clk(48)
109 *Novas* WARNING: [NoReadAccess][FilterOut]Name:testfixture1.Real_memory(116)
110 *Novas* WARNING: [NoReadAccess][FilterOut]Name:testfixture1.k(25)
111 *Novas* WARNING: [NoReadAccess][FilterOut]Name:testfixture1.i(25)
112 *Novas* WARNING: [NoReadAccess][FilterOut]Name:testfixture1.err_cnt(25)
113 *Novas* WARNING: [NoReadAccess][FilterOut]Name:testfixture1.c(25)
114 *Novas* WARNING: [NoReadAccess][FilterOut]Name:testfixture1.so_pass(48)
115 *Novas* WARNING: [NoReadAccess][FilterOut]Name:testfixture1.Real_so(48)
116 *Novas* WARNING: [NoReadAccess][FilterOut]Name:testfixture1.so_exp(48)
117 *Novas* WARNING: [NoReadAccess][FilterOut]Name:testfixture1.pi_length(36)
118 *Novas* WARNING: [NoReadAccess][FilterOut]Name:testfixture1.msb_first(36)
119 *Novas* WARNING: [NoReadAccess][FilterOut]Name:testfixture1.low_en(36)
120 *Novas* WARNING: [NoReadAccess][FilterOut]Name:testfixture1.pi_data(36)
121 *Novas* WARNING: [NoReadAccess][FilterOut]Name:testfixture1.so_data(36)
122 *Novas* WARNING: [NoReadAccess][FilterOut]Name:testfixture1.so_valid(36)
123 *Novas* WARNING: [NoReadAccess][FilterOut]Name:testfixture1.u_rtl.so_data(48)
124 *Novas* WARNING: [NoReadAccess][FilterOut]Name:testfixture1.u_rtl.so_valid(48)
125 *Novas* WARNING: [NoReadAccess][FilterOut]Name:testfixture1.u_rtl.so_data8(48)
126 *Novas* WARNING: [NoReadAccess][FilterOut]Name:testfixture1.u_rtl.so_data16(48)
127 *Novas* WARNING: [NoReadAccess][FilterOut]Name:testfixture1.u_rtl.msb(48)
128 *Novas* WARNING: [NoReadAccess][FilterOut]Name:testfixture1.u_rtl.low(48)
129 *Novas* WARNING: [NoReadAccess][FilterOut]Name:testfixture1.u_rtl.tmp_data(48)
130 *Novas* WARNING: [NoReadAccess][FilterOut]Name:testfixture1.u_rtl.tmp_data16(48)
131 *Novas* WARNING: [NoReadAccess][FilterOut]Name:testfixture1.u_rtl.tmp_data8(48)
132 *Novas* WARNING: [NoReadAccess][FilterOut]Name:testfixture1.u_rtl.i(25)
133 *Novas* WARNING: [NoReadAccess][FilterOut]Name:testfixture1.u_rtl.pat_all(48)
134 *Novas* WARNING: [NoReadAccess][FilterOut]Name:testfixture1.u_rtl.tmp_pi(48)
135 *Novas* WARNING: [NoReadAccess][FilterOut]Name:testfixture1.u_rtl.s(25)
136 *Novas* WARNING: [NoReadAccess][FilterOut]Name:testfixture1.u_rtl.n_state(48)
137 *Novas* WARNING: [NoReadAccess][FilterOut]Name:testfixture1.u_rtl.c_state(48)
138 *Novas* WARNING: [NoReadAccess][FilterOut]Name:testfixture1.u_rtl.valid(48)
139 *Novas* WARNING: [NoReadAccess][FilterOut]Name:testfixture1.u_rtl.so_valid1(48)
140 *Novas* WARNING: [NoReadAccess][FilterOut]Name:testfixture1.u_rtl.clk(36)
141 *Novas* WARNING: [NoReadAccess][FilterOut]Name:testfixture1.u_rtl.reset(36)
142 *Novas* WARNING: [NoReadAccess][FilterOut]Name:testfixture1.u_rtl.load(36)
143 *Novas* WARNING: [NoReadAccess][FilterOut]Name:testfixture1.u_rtl.pi_msb(36)
144 *Novas* WARNING: [NoReadAccess][FilterOut]Name:testfixture1.u_rtl.pi_low(36)
145 *Novas* WARNING: [NoReadAccess][FilterOut]Name:testfixture1.u_rtl.pi_data(36)
146 *Novas* WARNING: [NoReadAccess][FilterOut]Name:testfixture1.u_rtl.rot8.rot8(48)
147 *Novas* WARNING: [NoReadAccess][FilterOut]Name:testfixture1.u_rtl.rot8.di8(48)
148 *Novas* WARNING: [NoReadAccess][FilterOut]Name:testfixture1.u_rtl.rot8.k(25)
149 *Novas* WARNING: [NoReadAccess][FilterOut]Name:testfixture1.u_rtl.rot16.rot16(48)
150 *Novas* WARNING: [NoReadAccess][FilterOut]Name:testfixture1.u_rtl.rot16.di16(48)
151 *Novas* WARNING: [NoReadAccess][FilterOut]Name:testfixture1.u_rtl.rot16.k(25)
152 *Novas* : End of traversing.
153 fsdbDumpvars traverse var: profile - 
          CPU/Mem usage: 0.020 sys,  0.010 user,  52.36M sys,  0.00M vm
                   incr: 0.000 sys,  0.000 user,  2.22M sys,  0.00M vm
                   accu: 0.000 sys,  0.000 user,  2.22M sys,  0.00M vm
              accu incr: 0.000 sys,  0.000 user,  2.22M sys,  0.00M vm

          Count usage: 0 var,  0 idcode,  0 callback
                 incr: 0 var,  0 idcode,  0 callback
                 accu: 0 var,  0 idcode,  0 callback
            accu incr: 0 var,  0 idcode,  0 callback
154 VC callback profile - scalar:0 vector:0
155 Fri Jul 10 11:27:33 2015
156 fsdbDumpvars: profile - 
          CPU/Mem usage: 0.020 sys,  0.010 user,  52.36M sys,  0.00M vm
                   incr: 0.000 sys,  0.000 user,  0.00M sys,  0.00M vm
                   accu: 0.000 sys,  0.000 user,  2.22M sys,  0.00M vm
              accu incr: 0.000 sys,  0.000 user,  0.00M sys,  0.00M vm

          Count usage: 0 var,  0 idcode,  0 callback
                 incr: 0 var,  0 idcode,  0 callback
                 accu: 0 var,  0 idcode,  0 callback
            accu incr: 0 var,  0 idcode,  0 callback
157 VC callback profile - scalar:0 vector:0
158 Fri Jul 10 11:27:33 2015
159 End of simulation at 185600
160 VC callback profile - scalar:0 vector:0
161 Fri Jul 10 11:27:33 2015
162 SimExit
163 Sim process exit
